Using pre-set license
Built from '2020.3/china_unity/release' branch; Version is '2020.3.48f1c1 (06fbdfbf16e3) revision 457695'; Using compiler version '192528614'; Build Type 'Release'
OS: 'Windows 11  (10.0.22621) 64bit CoreCountrySpecific' Language: 'zh' Physical Memory: 32468 MB
BatchMode: 1, IsHumanControllingUs: 0, StartBugReporterOnCrash: 0, Is64bit: 1, IsPro: 0

COMMAND LINE ARGUMENTS:
C:\Program Files\Unity\Hub\Editor\2020.3.48f1c1\Editor\Unity.exe
-adb2
-batchMode
-noUpm
-name
AssetImportWorker0
-projectPath
C:/Users/yue_z/Desktop/projects/Ruby
-logFile
Logs/AssetImportWorker0.log
-srvPort
56334
Successfully changed project path to: C:/Users/yue_z/Desktop/projects/Ruby
C:/Users/yue_z/Desktop/projects/Ruby
Using Asset Import Pipeline V2.
Player connection [31864] Host "[IP] 192.168.31.17 [Port] 3489878368 [Flags] 2 [Guid] 3432971536 [EditorId] 3432971536 [Version] 1048832 [Id] WindowsEditor(7,Yue) [Debug] 1 [PackageName] WindowsEditor [ProjectName] Editor" joined multi-casting on [225.0.0.222:54997]...

Player connection [31864] Host "[IP] 192.168.31.17 [Port] 3489878368 [Flags] 2 [Guid] 3432971536 [EditorId] 3432971536 [Version] 1048832 [Id] WindowsEditor(7,Yue) [Debug] 1 [PackageName] WindowsEditor [ProjectName] Editor" joined alternative multi-casting on [225.0.0.222:34997]...

AS: AutoStreaming module initializing.Refreshing native plugins compatible for Editor in 19.99 ms, found 2 plugins.
Preloading 0 native plugins for Editor in 0.00 ms.
Initialize engine version: 2020.3.48f1c1 (06fbdfbf16e3)
[Subsystems] Discovering subsystems at path C:/Program Files/Unity/Hub/Editor/2020.3.48f1c1/Editor/Data/Resources/UnitySubsystems
[Subsystems] Discovering subsystems at path C:/Users/yue_z/Desktop/projects/Ruby/Assets
GfxDevice: creating device client; threaded=0
Direct3D:
    Version:  Direct3D 11.0 [level 11.1]
    Renderer: NVIDIA GeForce RTX 4070 Laptop GPU (ID=0x2820)
    Vendor:   
    VRAM:     7962 MB
    Driver:   31.0.15.2892
Initialize mono
Mono path[0] = 'C:/Program Files/Unity/Hub/Editor/2020.3.48f1c1/Editor/Data/Managed'
Mono path[1] = 'C:/Program Files/Unity/Hub/Editor/2020.3.48f1c1/Editor/Data/MonoBleedingEdge/lib/mono/unityjit'
Mono config path = 'C:/Program Files/Unity/Hub/Editor/2020.3.48f1c1/Editor/Data/MonoBleedingEdge/etc'
Using monoOptions --debugger-agent=transport=dt_socket,embedding=1,server=y,suspend=n,address=127.0.0.1:56320
Begin MonoManager ReloadAssembly
Registering precompiled unity dll's ...
Register platform support module: C:/Program Files/Unity/Hub/Editor/2020.3.48f1c1/Editor/Data/PlaybackEngines/WindowsStandaloneSupport/UnityEditor.WindowsStandalone.Extensions.dll
Registered in 0.000704 seconds.
Native extension for WindowsStandalone target not found
Refreshing native plugins compatible for Editor in 18.14 ms, found 2 plugins.
Preloading 0 native plugins for Editor in 0.00 ms.
Mono: successfully reloaded assembly
- Completed reload, in  0.951 seconds
Domain Reload Profiling:
	ReloadAssembly (951ms)
		BeginReloadAssembly (34ms)
			ExecutionOrderSort (0ms)
			DisableScriptedObjects (0ms)
			BackupInstance (0ms)
			ReleaseScriptingObjects (0ms)
			CreateAndSetChildDomain (1ms)
		EndReloadAssembly (560ms)
			LoadAssemblies (33ms)
			RebuildTransferFunctionScriptingTraits (0ms)
			SetupTypeCache (396ms)
			ReleaseScriptCaches (0ms)
			RebuildScriptCaches (16ms)
			SetupLoadedEditorAssemblies (88ms)
				LogAssemblyErrors (0ms)
				InitializePlatformSupportModulesInManaged (3ms)
				SetLoadedEditorAssemblies (0ms)
				RefreshPlugins (18ms)
				BeforeProcessingInitializeOnLoad (9ms)
				ProcessInitializeOnLoadAttributes (43ms)
				ProcessInitializeOnLoadMethodAttributes (15ms)
				AfterProcessingInitializeOnLoad (0ms)
				EditorAssembliesLoaded (0ms)
			ExecutionOrderSort2 (0ms)
			AwakeInstancesAfterBackupRestoration (0ms)
Platform modules already initialized, skipping
Registering precompiled user dll's ...
Registered in 0.001203 seconds.
Begin MonoManager ReloadAssembly
Native extension for WindowsStandalone target not found
Refreshing native plugins compatible for Editor in 20.16 ms, found 2 plugins.
Preloading 0 native plugins for Editor in 0.00 ms.
Could not parse minor part '3' of Unity version '2020.3.48f1c1'.
Mono: successfully reloaded assembly
- Completed reload, in  1.240 seconds
Domain Reload Profiling:
	ReloadAssembly (1240ms)
		BeginReloadAssembly (76ms)
			ExecutionOrderSort (0ms)
			DisableScriptedObjects (2ms)
			BackupInstance (0ms)
			ReleaseScriptingObjects (0ms)
			CreateAndSetChildDomain (11ms)
		EndReloadAssembly (1131ms)
			LoadAssemblies (53ms)
			RebuildTransferFunctionScriptingTraits (0ms)
			SetupTypeCache (147ms)
			ReleaseScriptCaches (0ms)
			RebuildScriptCaches (26ms)
			SetupLoadedEditorAssemblies (847ms)
				LogAssemblyErrors (0ms)
				InitializePlatformSupportModulesInManaged (2ms)
				SetLoadedEditorAssemblies (0ms)
				RefreshPlugins (20ms)
				BeforeProcessingInitializeOnLoad (39ms)
				ProcessInitializeOnLoadAttributes (772ms)
				ProcessInitializeOnLoadMethodAttributes (11ms)
				AfterProcessingInitializeOnLoad (3ms)
				EditorAssembliesLoaded (0ms)
			ExecutionOrderSort2 (0ms)
			AwakeInstancesAfterBackupRestoration (1ms)
Platform modules already initialized, skipping
========================================================================
Worker process is ready to serve import requests
Launched and connected shader compiler UnityShaderCompiler.exe after 0.11 seconds
Refreshing native plugins compatible for Editor in 0.22 ms, found 2 plugins.
Preloading 0 native plugins for Editor in 0.00 ms.
Unloading 1678 Unused Serialized files (Serialized files now loaded: 0)
System memory in use before: 78.5 MB.
System memory in use after: 78.6 MB.

Unloading 21 unused Assets to reduce memory usage. Loaded Objects now: 2122.
Total: 2.461600 ms (FindLiveObjects: 0.071100 ms CreateObjectMapping: 0.020600 ms MarkObjects: 2.300100 ms  DeleteObjects: 0.068400 ms)

AssetImportParameters requested are different than current active one (requested -> active):
  custom:framework-win-MediaFoundation: 216162199b28c13a410421893ffa2e32 -> 
  custom:video-decoder-ogg-theora: a1e56fd34408186e4bbccfd4996cb3dc -> 
  custom:container-muxer-webm: aa71ff27fc2769a1b78a27578f13a17b -> 
  custom:container-demuxer-webm: 4f35f7cbe854078d1ac9338744f61a02 -> 
  custom:container-demuxer-ogg: 62fdf1f143b41e24485cea50d1cbac27 -> 
  custom:video-encoder-webm-vp8: eb34c28f22e8b96e1ab97ce403110664 -> 
  custom:video-codec-MediaFoundation-h265: 746d11721c4dcdbdad8f713fa42b33f4 -> 
  custom:video-decoder-webm-vp8: 9c59270c3fd7afecdb556c50c9e8de78 -> 
  custom:audio-decoder-ogg-vorbis: bf7c407c2cedff20999df2af8eb42d56 -> 
  custom:audio-encoder-webm-vorbis: bf7c407c2cedff20999df2af8eb42d56 -> 
========================================================================
Received Import Request.
  path: Packages/com.unity.cinemachine/Editor/Experimental/VcamStageEditor.cs
  artifactKey: Guid(68194b7bb9ff1c6489c9c3c87c68c2a4) Importer(815301076,1909f56bfc062723c751e8b465ee728b)
Start importing Packages/com.unity.cinemachine/Editor/Experimental/VcamStageEditor.cs using Guid(68194b7bb9ff1c6489c9c3c87c68c2a4) Importer(815301076,1909f56bfc062723c751e8b465ee728b)  -> (artifact id: 'c5dd0b9bd255269a2101a31f8e18ba74') in 0.062239 seconds 
========================================================================
Received Import Request.
  Time since last request: 0.000124 seconds.
  path: Packages/com.unity.collab-proxy/Editor/PlasticSCM/AssetOverlays/Cache/RemoteStatusCache.cs
  artifactKey: Guid(a9acb575a60d7e045ad7fadd3e3e137d) Importer(815301076,1909f56bfc062723c751e8b465ee728b)
Start importing Packages/com.unity.collab-proxy/Editor/PlasticSCM/AssetOverlays/Cache/RemoteStatusCache.cs using Guid(a9acb575a60d7e045ad7fadd3e3e137d) Importer(815301076,1909f56bfc062723c751e8b465ee728b)  -> (artifact id: 'c0f6c744aa60c87a8dd7c419e8d76071') in 0.022974 seconds 
========================================================================
Received Import Request.
  Time since last request: 0.000114 seconds.
  path: Packages/com.unity.2d.tilemap/Editor/GridPaintingState.cs
  artifactKey: Guid(b65aa392762f2014299ba8fbc21b938a) Importer(815301076,1909f56bfc062723c751e8b465ee728b)
Start importing Packages/com.unity.2d.tilemap/Editor/GridPaintingState.cs using Guid(b65aa392762f2014299ba8fbc21b938a) Importer(815301076,1909f56bfc062723c751e8b465ee728b)  -> (artifact id: '3d1a8491554ea9a6b945dbc3ad413465') in 0.014185 seconds 
========================================================================
Received Import Request.
  Time since last request: 0.000113 seconds.
  path: Packages/com.unity.collab-proxy/Editor/PlasticSCM/AssetOverlays/Cache/LockStatusCache.cs
  artifactKey: Guid(953c29d2e0dece647a64940343c91547) Importer(815301076,1909f56bfc062723c751e8b465ee728b)
Start importing Packages/com.unity.collab-proxy/Editor/PlasticSCM/AssetOverlays/Cache/LockStatusCache.cs using Guid(953c29d2e0dece647a64940343c91547) Importer(815301076,1909f56bfc062723c751e8b465ee728b)  -> (artifact id: 'a3ad66e2582491272ee670e6249f5ef3') in 0.014935 seconds 
========================================================================
Received Import Request.
  Time since last request: 0.000125 seconds.
  path: Packages/com.unity.collab-proxy/Editor/PlasticSCM/AssetOverlays/Cache/LocalStatusCache.cs
  artifactKey: Guid(226459a134855504d841db6b61519d2b) Importer(815301076,1909f56bfc062723c751e8b465ee728b)
Start importing Packages/com.unity.collab-proxy/Editor/PlasticSCM/AssetOverlays/Cache/LocalStatusCache.cs using Guid(226459a134855504d841db6b61519d2b) Importer(815301076,1909f56bfc062723c751e8b465ee728b)  -> (artifact id: 'adeca282c7a584877e7edbcb2c222e19') in 0.010112 seconds 
========================================================================
Received Import Request.
  Time since last request: 0.000142 seconds.
  path: Packages/com.unity.collab-proxy/Editor/PlasticSCM/AssetOverlays/AssetStatus.cs
  artifactKey: Guid(062535eac3e5dd1409b6a50b0d043e2c) Importer(815301076,1909f56bfc062723c751e8b465ee728b)
Start importing Packages/com.unity.collab-proxy/Editor/PlasticSCM/AssetOverlays/AssetStatus.cs using Guid(062535eac3e5dd1409b6a50b0d043e2c) Importer(815301076,1909f56bfc062723c751e8b465ee728b)  -> (artifact id: 'a45df3ab5fba1eb8480cf40a4c1a282f') in 0.012565 seconds 
========================================================================
Received Import Request.
  Time since last request: 0.000174 seconds.
  path: Packages/com.unity.cinemachine/Editor/PropertyDrawers/AxisStatePropertyDrawer.cs
  artifactKey: Guid(70f1be76e10cd9f44ad1a86b9e05745e) Importer(815301076,1909f56bfc062723c751e8b465ee728b)
Start importing Packages/com.unity.cinemachine/Editor/PropertyDrawers/AxisStatePropertyDrawer.cs using Guid(70f1be76e10cd9f44ad1a86b9e05745e) Importer(815301076,1909f56bfc062723c751e8b465ee728b)  -> (artifact id: 'cc8758edadff19a9b088d7d12c6a3196') in 0.015526 seconds 
========================================================================
Received Import Request.
  Time since last request: 0.000206 seconds.
  path: Packages/com.unity.cinemachine/Runtime/Core/CameraState.cs
  artifactKey: Guid(c2a918f460a69394eb9726b31e1d404c) Importer(815301076,1909f56bfc062723c751e8b465ee728b)
Start importing Packages/com.unity.cinemachine/Runtime/Core/CameraState.cs using Guid(c2a918f460a69394eb9726b31e1d404c) Importer(815301076,1909f56bfc062723c751e8b465ee728b)  -> (artifact id: '615ac2ae548026b8222dca36af1cec0e') in 0.017639 seconds 
========================================================================
Received Import Request.
  Time since last request: 0.000138 seconds.
  path: Packages/com.unity.cinemachine/Runtime/Behaviours/CinemachineStateDrivenCamera.cs
  artifactKey: Guid(325a6a3050a061e4b8aa51386c30e8e1) Importer(815301076,1909f56bfc062723c751e8b465ee728b)
Start importing Packages/com.unity.cinemachine/Runtime/Behaviours/CinemachineStateDrivenCamera.cs using Guid(325a6a3050a061e4b8aa51386c30e8e1) Importer(815301076,1909f56bfc062723c751e8b465ee728b)  -> (artifact id: '5467d2704d51c49eb4377b13a1ef6824') in 0.014467 seconds 
========================================================================
Received Import Request.
  Time since last request: 0.000237 seconds.
  path: Packages/com.unity.cinemachine/Runtime/Core/AxisState.cs
  artifactKey: Guid(557c6f70a7173744abaa3967b6da6f5d) Importer(815301076,1909f56bfc062723c751e8b465ee728b)
Start importing Packages/com.unity.cinemachine/Runtime/Core/AxisState.cs using Guid(557c6f70a7173744abaa3967b6da6f5d) Importer(815301076,1909f56bfc062723c751e8b465ee728b)  -> (artifact id: '5722f6d28efbd272386f165edbcf4581') in 0.017871 seconds 
========================================================================
Received Import Request.
  Time since last request: 0.000126 seconds.
  path: Packages/com.unity.collab-proxy/Editor/PlasticSCM/AssetOverlays/Cache/AssetStatusCache.cs
  artifactKey: Guid(3f227b28cf424364489edd67fce697bc) Importer(815301076,1909f56bfc062723c751e8b465ee728b)
Start importing Packages/com.unity.collab-proxy/Editor/PlasticSCM/AssetOverlays/Cache/AssetStatusCache.cs using Guid(3f227b28cf424364489edd67fce697bc) Importer(815301076,1909f56bfc062723c751e8b465ee728b)  -> (artifact id: 'ff46494f1fc40bae15131be34e57e0c4') in 0.019258 seconds 
========================================================================
Received Import Request.
  Time since last request: 0.000171 seconds.
  path: Packages/com.unity.collab-proxy/Editor/PlasticSCM/Assets/Layouts/PlasticWindow/StatusBar.uxml
  artifactKey: Guid(872252c6da7ba3c4ba34ad38b39b4f4c) Importer(815301076,1909f56bfc062723c751e8b465ee728b)
Start importing Packages/com.unity.collab-proxy/Editor/PlasticSCM/Assets/Layouts/PlasticWindow/StatusBar.uxml using Guid(872252c6da7ba3c4ba34ad38b39b4f4c) Importer(815301076,1909f56bfc062723c751e8b465ee728b)  -> (artifact id: '381e987d5781169871960ad6cea7b937') in 0.034021 seconds 
========================================================================
Received Import Request.
  Time since last request: 0.000194 seconds.
  path: Packages/com.unity.cinemachine/Editor/Editors/CinemachineStateDrivenCameraEditor.cs
  artifactKey: Guid(0eb9f23cde3a1734da334cfa0831dd25) Importer(815301076,1909f56bfc062723c751e8b465ee728b)
Start importing Packages/com.unity.cinemachine/Editor/Editors/CinemachineStateDrivenCameraEditor.cs using Guid(0eb9f23cde3a1734da334cfa0831dd25) Importer(815301076,1909f56bfc062723c751e8b465ee728b)  -> (artifact id: 'b8a75bed0d3bb103b9701890ccf1a766') in 0.017402 seconds 
========================================================================
Received Prepare
Refreshing native plugins compatible for Editor in 1.14 ms, found 2 plugins.
Preloading 0 native plugins for Editor in 0.00 ms.
Unloading 9 Unused Serialized files (Serialized files now loaded: 0)
System memory in use before: 44.2 MB.
System memory in use after: 44.3 MB.

Unloading 9 unused Assets to reduce memory usage. Loaded Objects now: 2123.
Total: 3.579900 ms (FindLiveObjects: 0.089600 ms CreateObjectMapping: 0.023200 ms MarkObjects: 3.445500 ms  DeleteObjects: 0.021000 ms)

AssetImportParameters requested are different than current active one (requested -> active):
  custom:framework-win-MediaFoundation: 216162199b28c13a410421893ffa2e32 -> 
  custom:video-decoder-ogg-theora: a1e56fd34408186e4bbccfd4996cb3dc -> 
  custom:container-muxer-webm: aa71ff27fc2769a1b78a27578f13a17b -> 
  custom:container-demuxer-webm: 4f35f7cbe854078d1ac9338744f61a02 -> 
  custom:container-demuxer-ogg: 62fdf1f143b41e24485cea50d1cbac27 -> 
  custom:video-encoder-webm-vp8: eb34c28f22e8b96e1ab97ce403110664 -> 
  custom:video-codec-MediaFoundation-h265: 746d11721c4dcdbdad8f713fa42b33f4 -> 
  custom:video-decoder-webm-vp8: 9c59270c3fd7afecdb556c50c9e8de78 -> 
  custom:audio-decoder-ogg-vorbis: bf7c407c2cedff20999df2af8eb42d56 -> 
  custom:audio-encoder-webm-vorbis: bf7c407c2cedff20999df2af8eb42d56 -> 
AssetImportWorkerClient::OnTransportError - code=2 error=End of file
